This is pdfTeX, Version 3.14159-1.10b (Web2C 7.4.5) (format=pdflatex 2007.11.13)  30 NOV 2007 17:28
**hudak_error
(./hudak_error.tex{/usr/share/texmf/pdftex/config/pdftex.cfg}
LaTeX2e <2001/06/01>
Babel <v3.7h> and hyphenation patterns for american, french, german, ngerman, n
ohyphenation, loaded.
(/usr/share/texmf/tex/latex/base/article.cls
Document Class: article 2001/04/21 v1.4e Standard LaTeX document class
(/usr/share/texmf/tex/latex/base/size11.clo
File: size11.clo 2001/04/21 v1.4e Standard LaTeX file (size option)
)
\c@part=\count79
\c@section=\count80
\c@subsection=\count81
\c@subsubsection=\count82
\c@paragraph=\count83
\c@subparagraph=\count84
\c@figure=\count85
\c@table=\count86
\abovecaptionskip=\skip41
\belowcaptionskip=\skip42
\bibindent=\dimen102
) (./remark.sty)
\c@theorem=\count87
\c@conjecture=\count88
\c@corollary=\count89
\c@example=\count90
\c@fact=\count91
\c@lemma=\count92
\c@definition=\count93
\c@claim=\count94
\c@remark=\count95
\c@slogan=\count96
\c@axiom=\count97
\c@note=\count98
\c@problem=\count99
\c@exercise=\count100
 (./hudak_error.aux)
\openout1 = `hudak_error.aux'.

LaTeX Font Info:    Checking defaults for OML/cmm/m/it on input line 26.
LaTeX Font Info:    ... okay on input line 26.
LaTeX Font Info:    Checking defaults for T1/cmr/m/n on input line 26.
LaTeX Font Info:    ... okay on input line 26.
LaTeX Font Info:    Checking defaults for OT1/cmr/m/n on input line 26.
LaTeX Font Info:    ... okay on input line 26.
LaTeX Font Info:    Checking defaults for OMS/cmsy/m/n on input line 26.
LaTeX Font Info:    ... okay on input line 26.
LaTeX Font Info:    Checking defaults for OMX/cmex/m/n on input line 26.
LaTeX Font Info:    ... okay on input line 26.
LaTeX Font Info:    Checking defaults for U/cmr/m/n on input line 26.
LaTeX Font Info:    ... okay on input line 26.
LaTeX Font Info:    External font `cmex10' loaded for size
(Font)              <17.28> on input line 27.
LaTeX Font Info:    External font `cmex10' loaded for size
(Font)              <12> on input line 27.
LaTeX Font Info:    External font `cmex10' loaded for size
(Font)              <8> on input line 27.
LaTeX Font Info:    External font `cmex10' loaded for size
(Font)              <6> on input line 27.
LaTeX Font Info:    External font `cmex10' loaded for size
(Font)              <10.95> on input line 33.
 [1

{/usr/share/texmf/dvips/config/pdftex.map}] [2]
Underfull \hbox (badness 10000) in paragraph at lines 148--149

 []

[3]
Underfull \hbox (badness 10000) in paragraph at lines 192--193

 []

(./hudak_error.bbl) [4] (./hudak_error.aux) ) 
Here is how much of TeX's memory you used:
 362 strings out of 95437
 3659 string characters out of 1190232
 49793 words of memory out of 1000001
 3422 multiletter control sequences out of 10000+50000
 10423 words of font info for 37 fonts, out of 500000 for 1000
 14 hyphenation exceptions out of 1000
 21i,8n,19p,155b,218s stack positions out of 1500i,500n,5000p,200000b,5000s
 46 PDF objects out of 300000
 0 named destinations out of 131072
 0 words of extra memory for PDF output out of 65536
{/usr/share/texmf/dvips/tetex/f7b6
d320.enc}</usr/share/texmf/fonts/type1/bluesky/cm/cmbx10.pfb></usr/share/texmf/
fonts/type1/bluesky/cm/cmbx12.pfb>{/usr/share/texmf/dvips/tetex/bbad153f.enc}</
usr/share/texmf/fonts/type1/bluesky/cm/cmsy10.pfb>{/usr/share/texmf/dvips/tetex
/09fbbfac.enc}</usr/share/texmf/fonts/type1/bluesky/cm/cmtt10.pfb>{/usr/share/t
exmf/dvips/tetex/aae443f0.enc}</usr/share/texmf/fonts/type1/bluesky/cm/cmmi10.p
fb>{/usr/share/texmf/dvips/tetex/74afc74c.enc}</usr/share/texmf/fonts/type1/blu
esky/cm/cmti10.pfb></usr/share/texmf/fonts/type1/bluesky/cm/cmr10.pfb></usr/sha
re/texmf/fonts/type1/bluesky/cm/cmr12.pfb></usr/share/texmf/fonts/type1/bluesky
/cm/cmtt12.pfb></usr/share/texmf/fonts/type1/bluesky/cm/cmmi12.pfb></usr/share/
texmf/fonts/type1/bluesky/cm/cmr17.pfb>
Output written on hudak_error.pdf (4 pages, 85279 bytes).
