This is pdfTeXk, Version 3.141592-1.40.3 (Web2C 7.5.6) (format=pdflatex 2012.7.3)  4 SEP 2012 09:05
entering extended mode
 %&-line parsing enabled.
**proof_methods
(./proof_methods.tex
LaTeX2e <2005/12/01>
Babel <v3.8h> and hyphenation patterns for english, usenglishmax, dumylang, noh
yphenation, arabic, basque, bulgarian, coptic, welsh, czech, slovak, german, ng
erman, danish, esperanto, spanish, catalan, galician, estonian, farsi, finnish,
 french, greek, monogreek, ancientgreek, croatian, hungarian, interlingua, ibyc
us, indonesian, icelandic, italian, latin, mongolian, dutch, norsk, polish, por
tuguese, pinyin, romanian, russian, slovenian, uppersorbian, serbian, swedish, 
turkish, ukenglish, ukrainian, loaded.
(/usr/share/texmf/tex/latex/base/article.cls
Document Class: article 2005/09/16 v1.4f Standard LaTeX document class
(/usr/share/texmf/tex/latex/base/size11.clo
File: size11.clo 2005/09/16 v1.4f Standard LaTeX file (size option)
)
\c@part=\count79
\c@section=\count80
\c@subsection=\count81
\c@subsubsection=\count82
\c@paragraph=\count83
\c@subparagraph=\count84
\c@figure=\count85
\c@table=\count86
\abovecaptionskip=\skip41
\belowcaptionskip=\skip42
\bibindent=\dimen102
)
(/usr/share/texmf/tex/latex/amsfonts/amssymb.sty
Package: amssymb 2002/01/22 v2.2d

(/usr/share/texmf/tex/latex/amsfonts/amsfonts.sty
Package: amsfonts 2001/10/25 v2.2f
\@emptytoks=\toks14
\symAMSa=\mathgroup4
\symAMSb=\mathgroup5
LaTeX Font Info:    Overwriting math alphabet `\mathfrak' in version `bold'
(Font)                  U/euf/m/n --> U/euf/b/n on input line 132.
))
(/home/faculty/jlc/papers/tex-stuff/remark.sty)
\c@theorem=\count87
\c@Rule=\count88
\c@proofrule=\count89
\c@conjecture=\count90
\c@corollary=\count91
\c@example=\count92
\c@fact=\count93
\c@lemma=\count94
\c@definition=\count95
\c@claim=\count96
\c@remark=\count97
\c@slogan=\count98
\c@axiom=\count99
\c@note=\count100
\c@problem=\count101
\c@exercise=\count102
 (./proof_methods.aux)
\openout1 = `proof_methods.aux'.

LaTeX Font Info:    Checking defaults for OML/cmm/m/it on input line 32.
LaTeX Font Info:    ... okay on input line 32.
LaTeX Font Info:    Checking defaults for T1/cmr/m/n on input line 32.
LaTeX Font Info:    ... okay on input line 32.
LaTeX Font Info:    Checking defaults for OT1/cmr/m/n on input line 32.
LaTeX Font Info:    ... okay on input line 32.
LaTeX Font Info:    Checking defaults for OMS/cmsy/m/n on input line 32.
LaTeX Font Info:    ... okay on input line 32.
LaTeX Font Info:    Checking defaults for OMX/cmex/m/n on input line 32.
LaTeX Font Info:    ... okay on input line 32.
LaTeX Font Info:    Checking defaults for U/cmr/m/n on input line 32.
LaTeX Font Info:    ... okay on input line 32.
LaTeX Font Info:    Try loading font information for U+msa on input line 35.

(/usr/share/texmf/tex/latex/amsfonts/umsa.fd
File: umsa.fd 2002/01/19 v2.2g AMS font definitions
)
LaTeX Font Info:    Try loading font information for U+msb on input line 35.

(/usr/share/texmf/tex/latex/amsfonts/umsb.fd
File: umsb.fd 2002/01/19 v2.2g AMS font definitions
)

LaTeX Warning: No \author given.


Overfull \hbox (10.25609pt too wide) in paragraph at lines 77--79
[]\OT1/cmr/m/n/10.95 The syn-tax of propo-si-tional
 []

[1

{/var/lib/texmf/fonts/map/pdftex/updmap/pdftex.map}]
Underfull \hbox (badness 10000) in paragraph at lines 79--84

 []

[2]
Overfull \hbox (0.2716pt too wide) in paragraph at lines 150--152
[]\OT1/cmr/m/n/10.95 A func-tion is \OT1/cmr/m/it/10.95 Boolean-valued
 []

[3] [4] [5] [6]
Underfull \hbox (badness 10000) in paragraph at lines 372--374

 []


Underfull \hbox (badness 10000) in paragraph at lines 383--385

 []


Underfull \hbox (badness 10000) in paragraph at lines 399--400

 []


Underfull \hbox (badness 10000) in paragraph at lines 411--412

 []

[7]
Underfull \hbox (badness 10000) in paragraph at lines 430--434

 []


Underfull \hbox (badness 10000) in paragraph at lines 445--449

 []


Underfull \hbox (badness 10000) in paragraph at lines 463--467

 []

[8]
Underfull \hbox (badness 10000) in paragraph at lines 480--481

 []


Underfull \hbox (badness 10000) in paragraph at lines 498--502

 []


Underfull \hbox (badness 10000) in paragraph at lines 517--518

 []

[9]
Underfull \hbox (badness 10000) in paragraph at lines 539--540

 []


Underfull \hbox (badness 10000) in paragraph at lines 556--557

 []


Underfull \hbox (badness 10000) in paragraph at lines 574--575

 []

[10]
Underfull \hbox (badness 10000) in paragraph at lines 583--584

 []

(./proof_methods.bbl) [11] (./proof_methods.aux) ) 
Here is how much of TeX's memory you used:
 683 strings out of 256216
 7277 string characters out of 1917073
 52804 words of memory out of 1500000
 4002 multiletter control sequences out of 10000+200000
 14745 words of font info for 58 fonts, out of 1200000 for 2000
 645 hyphenation exceptions out of 8191
 23i,10n,24p,315b,209s stack positions out of 5000i,500n,6000p,200000b,15000s
</usr/share/texmf/fonts/type1
/bluesky/cm/cmbx10.pfb></usr/share/texmf/fonts/type1/bluesky/cm/cmbx12.pfb></us
r/share/texmf/fonts/type1/bluesky/cm/cmmi10.pfb></usr/share/texmf/fonts/type1/b
luesky/cm/cmmi8.pfb></usr/share/texmf/fonts/type1/bluesky/cm/cmmi9.pfb></usr/sh
are/texmf/fonts/type1/bluesky/cm/cmr10.pfb></usr/share/texmf/fonts/type1/bluesk
y/cm/cmr12.pfb></usr/share/texmf/fonts/type1/bluesky/cm/cmr17.pfb></usr/share/t
exmf/fonts/type1/bluesky/cm/cmr6.pfb></usr/share/texmf/fonts/type1/bluesky/cm/c
mr8.pfb></usr/share/texmf/fonts/type1/bluesky/cm/cmr9.pfb></usr/share/texmf/fon
ts/type1/bluesky/cm/cmsy10.pfb></usr/share/texmf/fonts/type1/bluesky/cm/cmsy8.p
fb></usr/share/texmf/fonts/type1/bluesky/cm/cmsy9.pfb></usr/share/texmf/fonts/t
ype1/bluesky/cm/cmti10.pfb></usr/share/texmf/fonts/type1/bluesky/cm/cmtt10.pfb>
</usr/share/texmf/fonts/type1/bluesky/ams/msbm10.pfb>
Output written on proof_methods.pdf (11 pages, 130920 bytes).
PDF statistics:
 106 PDF objects out of 1000 (max. 8388607)
 0 named destinations out of 1000 (max. 131072)
 1 words of extra memory for PDF output out of 10000 (max. 10000000)

