This is pdfeTeX, Version 3.141592-1.21a-2.2 (Web2C 7.5.4) (format=pdflatex 2008.2.21)  21 OCT 2008 13:42
entering extended mode
**hw14a
(./hw14a.tex
LaTeX2e <2003/12/01>
Babel <v3.8d> and hyphenation patterns for american, french, german, ngerman, b
ahasa, basque, bulgarian, catalan, croatian, czech, danish, dutch, esperanto, e
stonian, finnish, greek, icelandic, irish, italian, latin, magyar, norsk, polis
h, portuges, romanian, russian, serbian, slovak, slovene, spanish, swedish, tur
kish, ukrainian, nohyphenation, loaded.
(/usr/share/texmf/tex/latex/base/article.cls
Document Class: article 2004/02/16 v1.4f Standard LaTeX document class
(/usr/share/texmf/tex/latex/base/size11.clo
File: size11.clo 2004/02/16 v1.4f Standard LaTeX file (size option)
)
\c@part=\count79
\c@section=\count80
\c@subsection=\count81
\c@subsubsection=\count82
\c@paragraph=\count83
\c@subparagraph=\count84
\c@figure=\count85
\c@table=\count86
\abovecaptionskip=\skip41
\belowcaptionskip=\skip42
\bibindent=\dimen102
)
\@input{header.aux}
\openout2 = `header.aux'.

(./header.tex (/usr/share/texmf/tex/latex/amsfonts/amssymb.sty
Package: amssymb 2002/01/22 v2.2d

(/usr/share/texmf/tex/latex/amsfonts/amsfonts.sty
Package: amsfonts 2001/10/25 v2.2f
\@emptytoks=\toks14
\symAMSa=\mathgroup4
\symAMSb=\mathgroup5
LaTeX Font Info:    Overwriting math alphabet `\mathfrak' in version `bold'
(Font)                  U/euf/m/n --> U/euf/b/n on input line 132.
)) (./remark.sty)
(/home/faculty/jlc/papers/tex-stuff/bussproofs.sty
Proof Tree (bussproofs) style macros. Version 0.6c.
\theLevel=\count87
\myMaxLevel=\count88
\myBoxA=\box26
\myBoxB=\box27
\myBoxC=\box28
\myBoxD=\box29
\myBoxLL=\box30
\myBoxRL=\box31
\thisAboveSkip=\dimen103
\thisBelowSkip=\dimen104
\newScoreStart=\dimen105
\newScoreEnd=\dimen106
\newCenter=\dimen107
\displace=\dimen108
\leftLowerAmt=\dimen109
\rightLowerAmt=\dimen110
\scoreHeight=\dimen111
\scoreDepth=\dimen112
)
\c@theorem=\count89
\c@conjecture=\count90
\c@corollary=\count91
\c@example=\count92
\c@fact=\count93
\c@lemma=\count94
\c@definition=\count95
\c@claim=\count96
\c@remark=\count97
\c@slogan=\count98
\c@axiom=\count99
\c@note=\count100
\c@problem=\count101
\c@exercise=\count102
)
No file hw14a.aux.
\openout1 = `hw14a.aux'.

LaTeX Font Info:    Checking defaults for OML/cmm/m/it on input line 5.
LaTeX Font Info:    ... okay on input line 5.
LaTeX Font Info:    Checking defaults for T1/cmr/m/n on input line 5.
LaTeX Font Info:    ... okay on input line 5.
LaTeX Font Info:    Checking defaults for OT1/cmr/m/n on input line 5.
LaTeX Font Info:    ... okay on input line 5.
LaTeX Font Info:    Checking defaults for OMS/cmsy/m/n on input line 5.
LaTeX Font Info:    ... okay on input line 5.
LaTeX Font Info:    Checking defaults for OMX/cmex/m/n on input line 5.
LaTeX Font Info:    ... okay on input line 5.
LaTeX Font Info:    Checking defaults for U/cmr/m/n on input line 5.
LaTeX Font Info:    ... okay on input line 5.

Underfull \hbox (badness 10000) in paragraph at lines 6--7

 []


Underfull \hbox (badness 10000) in paragraph at lines 25--26

 []

[1



{/usr/share/texmf-var/fonts/map/pdftex/updmap/pdftex.map}] (./hw14a.aux) ) 
Here is how much of TeX's memory you used:
 820 strings out of 94500
 8094 string characters out of 1176766
 53573 words of memory out of 1000000
 4056 multiletter control sequences out of 10000+50000
 4416 words of font info for 17 fonts, out of 500000 for 2000
 580 hyphenation exceptions out of 1000
 27i,4n,26p,238b,125s stack positions out of 1500i,500n,5000p,200000b,5000s
PDF statistics:
 13 PDF objects out of 300000
 0 named destinations out of 131072
 1 words of extra memory for PDF output out of 65536
</usr
/share/texmf/fonts/type1/bluesky/cm/cmtt10.pfb></usr/share/texmf/fonts/type1/bl
uesky/cm/cmr10.pfb></usr/share/texmf/fonts/type1/bluesky/cm/cmbx10.pfb>
Output written on hw14a.pdf (1 page, 29439 bytes).
