This is pdfeTeX, Version 3.141592-1.21a-2.2 (Web2C 7.5.4) (format=pdflatex 2010.5.14)  3 SEP 2010 13:28
entering extended mode
**hw4c
(./hw4c.tex
LaTeX2e <2003/12/01>
Babel <v3.8d> and hyphenation patterns for american, french, german, ngerman, b
ahasa, basque, bulgarian, catalan, croatian, czech, danish, dutch, esperanto, e
stonian, finnish, greek, icelandic, irish, italian, latin, magyar, norsk, polis
h, portuges, romanian, russian, serbian, slovak, slovene, spanish, swedish, tur
kish, ukrainian, nohyphenation, loaded.
(/usr/share/texmf/tex/latex/base/article.cls
Document Class: article 2004/02/16 v1.4f Standard LaTeX document class
(/usr/share/texmf/tex/latex/base/size11.clo
File: size11.clo 2004/02/16 v1.4f Standard LaTeX file (size option)
)
\c@part=\count79
\c@section=\count80
\c@subsection=\count81
\c@subsubsection=\count82
\c@paragraph=\count83
\c@subparagraph=\count84
\c@figure=\count85
\c@table=\count86
\abovecaptionskip=\skip41
\belowcaptionskip=\skip42
\bibindent=\dimen102
)
(/usr/share/texmf/tex/latex/preprint/fullpage.sty
Package: fullpage 1999/02/23 1.1 (PWD)
\FP@margin=\skip43
)
\@input{header.aux}
\openout2 = `header.aux'.

(./header.tex (/usr/share/texmf/tex/latex/amsfonts/amssymb.sty
Package: amssymb 2002/01/22 v2.2d

(/usr/share/texmf/tex/latex/amsfonts/amsfonts.sty
Package: amsfonts 2001/10/25 v2.2f
\@emptytoks=\toks14
\symAMSa=\mathgroup4
\symAMSb=\mathgroup5
LaTeX Font Info:    Overwriting math alphabet `\mathfrak' in version `bold'
(Font)                  U/euf/m/n --> U/euf/b/n on input line 132.
)) (./remark.sty)
(/home/faculty/jlc/papers/tex-stuff/bussproofs.sty
Proof Tree (bussproofs) style macros. Version 0.6c.
\theLevel=\count87
\myMaxLevel=\count88
\myBoxA=\box26
\myBoxB=\box27
\myBoxC=\box28
\myBoxD=\box29
\myBoxLL=\box30
\myBoxRL=\box31
\thisAboveSkip=\dimen103
\thisBelowSkip=\dimen104
\newScoreStart=\dimen105
\newScoreEnd=\dimen106
\newCenter=\dimen107
\displace=\dimen108
\leftLowerAmt=\dimen109
\rightLowerAmt=\dimen110
\scoreHeight=\dimen111
\scoreDepth=\dimen112
)
\c@theorem=\count89
\c@conjecture=\count90
\c@corollary=\count91
\c@example=\count92
\c@fact=\count93
\c@lemma=\count94
\c@definition=\count95
\c@claim=\count96
\c@remark=\count97
\c@slogan=\count98
\c@axiom=\count99
\c@note=\count100
\c@problem=\count101
\c@exercise=\count102
) (./hw4c.aux)
\openout1 = `hw4c.aux'.

LaTeX Font Info:    Checking defaults for OML/cmm/m/it on input line 5.
LaTeX Font Info:    ... okay on input line 5.
LaTeX Font Info:    Checking defaults for T1/cmr/m/n on input line 5.
LaTeX Font Info:    ... okay on input line 5.
LaTeX Font Info:    Checking defaults for OT1/cmr/m/n on input line 5.
LaTeX Font Info:    ... okay on input line 5.
LaTeX Font Info:    Checking defaults for OMS/cmsy/m/n on input line 5.
LaTeX Font Info:    ... okay on input line 5.
LaTeX Font Info:    Checking defaults for OMX/cmex/m/n on input line 5.
LaTeX Font Info:    ... okay on input line 5.
LaTeX Font Info:    Checking defaults for U/cmr/m/n on input line 5.
LaTeX Font Info:    ... okay on input line 5.

Underfull \hbox (badness 10000) in paragraph at lines 6--7

 []

[1



{/usr/share/texmf-var/fonts/map/pdftex/updmap/pdftex.map}]
LaTeX Font Info:    Try loading font information for U+msa on input line 102.

(/usr/share/texmf/tex/latex/amsfonts/umsa.fd
File: umsa.fd 2002/01/19 v2.2g AMS font definitions
)
LaTeX Font Info:    Try loading font information for U+msb on input line 102.

(/usr/share/texmf/tex/latex/amsfonts/umsb.fd
File: umsb.fd 2002/01/19 v2.2g AMS font definitions
)
Overfull \hbox (6.3037pt too wide) in paragraph at lines 115--121
[]\OT1/cmr/m/n/10.95 Declare two new in-fix op-er-a-tors im-ple-ment-ing log-i-
cal im-pli-ca-tion (\OT1/cmtt/m/n/10.95 ==>\OT1/cmr/m/n/10.95 ) and exclusive-
 []

[2] (./hw4c.aux) ) 
Here is how much of TeX's memory you used:
 909 strings out of 94500
 9306 string characters out of 1176766
 55781 words of memory out of 1000000
 4109 multiletter control sequences out of 10000+50000
 11577 words of font info for 45 fonts, out of 500000 for 2000
 580 hyphenation exceptions out of 1000
 27i,8n,26p,237b,183s stack positions out of 1500i,500n,5000p,200000b,5000s
PDF statistics:
 28 PDF objects out of 300000
 0 named destinations out of 131072
 1 words of extra memory for PDF output out of 65536
</usr/share/texmf/fonts/type1/bluesky/cm/cmr9.pfb></usr/share
/texmf/fonts/type1/bluesky/cm/cmr6.pfb></usr/share/texmf/fonts/type1/bluesky/cm
/cmr8.pfb></usr/share/texmf/fonts/type1/bluesky/cm/cmtt10.pfb></usr/share/texmf
/fonts/type1/bluesky/cm/cmbx12.pfb></usr/share/texmf/fonts/type1/bluesky/cm/cmr
10.pfb></usr/share/texmf/fonts/type1/bluesky/cm/cmbx10.pfb>
Output written on hw4c.pdf (2 pages, 54284 bytes).
