This is pdfTeXk, Version 3.141592-1.40.3 (Web2C 7.5.6) (format=pdflatex 2012.7.3)  11 SEP 2013 10:53
entering extended mode
 %&-line parsing enabled.
**hw5g
(./hw5g.tex
LaTeX2e <2005/12/01>
Babel <v3.8h> and hyphenation patterns for english, usenglishmax, dumylang, noh
yphenation, arabic, basque, bulgarian, coptic, welsh, czech, slovak, german, ng
erman, danish, esperanto, spanish, catalan, galician, estonian, farsi, finnish,
 french, greek, monogreek, ancientgreek, croatian, hungarian, interlingua, ibyc
us, indonesian, icelandic, italian, latin, mongolian, dutch, norsk, polish, por
tuguese, pinyin, romanian, russian, slovenian, uppersorbian, serbian, swedish, 
turkish, ukenglish, ukrainian, loaded.
(/usr/share/texmf/tex/latex/base/article.cls
Document Class: article 2005/09/16 v1.4f Standard LaTeX document class
(/usr/share/texmf/tex/latex/base/size11.clo
File: size11.clo 2005/09/16 v1.4f Standard LaTeX file (size option)
)
\c@part=\count79
\c@section=\count80
\c@subsection=\count81
\c@subsubsection=\count82
\c@paragraph=\count83
\c@subparagraph=\count84
\c@figure=\count85
\c@table=\count86
\abovecaptionskip=\skip41
\belowcaptionskip=\skip42
\bibindent=\dimen102
)
\@input{header.aux}
\openout2 = `header.aux'.

(./header.tex (/usr/share/texmf/tex/latex/amsfonts/amssymb.sty
Package: amssymb 2002/01/22 v2.2d

(/usr/share/texmf/tex/latex/amsfonts/amsfonts.sty
Package: amsfonts 2001/10/25 v2.2f
\@emptytoks=\toks14
\symAMSa=\mathgroup4
\symAMSb=\mathgroup5
LaTeX Font Info:    Overwriting math alphabet `\mathfrak' in version `bold'
(Font)                  U/euf/m/n --> U/euf/b/n on input line 132.
)) (./remark.sty)
(/home/faculty/jlc/papers/tex-stuff/bussproofs.sty
Proof Tree (bussproofs) style macros. Version 0.6c.
\theLevel=\count87
\myMaxLevel=\count88
\myBoxA=\box26
\myBoxB=\box27
\myBoxC=\box28
\myBoxD=\box29
\myBoxLL=\box30
\myBoxRL=\box31
\thisAboveSkip=\dimen103
\thisBelowSkip=\dimen104
\newScoreStart=\dimen105
\newScoreEnd=\dimen106
\newCenter=\dimen107
\displace=\dimen108
\leftLowerAmt=\dimen109
\rightLowerAmt=\dimen110
\scoreHeight=\dimen111
\scoreDepth=\dimen112
)
\c@theorem=\count89
\c@Rule=\count90
\c@conjecture=\count91
\c@corollary=\count92
\c@example=\count93
\c@fact=\count94
\c@lemma=\count95
\c@definition=\count96
\c@claim=\count97
\c@remark=\count98
\c@slogan=\count99
\c@axiom=\count100
\c@note=\count101
\c@problem=\count102
\c@exercise=\count103
) (./hw5g.aux)
\openout1 = `hw5g.aux'.

LaTeX Font Info:    Checking defaults for OML/cmm/m/it on input line 5.
LaTeX Font Info:    ... okay on input line 5.
LaTeX Font Info:    Checking defaults for T1/cmr/m/n on input line 5.
LaTeX Font Info:    ... okay on input line 5.
LaTeX Font Info:    Checking defaults for OT1/cmr/m/n on input line 5.
LaTeX Font Info:    ... okay on input line 5.
LaTeX Font Info:    Checking defaults for OMS/cmsy/m/n on input line 5.
LaTeX Font Info:    ... okay on input line 5.
LaTeX Font Info:    Checking defaults for OMX/cmex/m/n on input line 5.
LaTeX Font Info:    ... okay on input line 5.
LaTeX Font Info:    Checking defaults for U/cmr/m/n on input line 5.
LaTeX Font Info:    ... okay on input line 5.

Underfull \hbox (badness 10000) in paragraph at lines 6--7

 []

LaTeX Font Info:    Try loading font information for U+msa on input line 21.
(/usr/share/texmf/tex/latex/amsfonts/umsa.fd
File: umsa.fd 2002/01/19 v2.2g AMS font definitions
)
LaTeX Font Info:    Try loading font information for U+msb on input line 21.

(/usr/share/texmf/tex/latex/amsfonts/umsb.fd
File: umsb.fd 2002/01/19 v2.2g AMS font definitions
) [1



{/var/lib/texmf/fonts/map/pdftex/updmap/pdftex.map}]
Underfull \hbox (badness 10000) in paragraph at lines 125--127

 []

[2] [3] [4] (./hw5g.aux) ) 
Here is how much of TeX's memory you used:
 902 strings out of 256216
 9081 string characters out of 1917073
 63290 words of memory out of 1500000
 4226 multiletter control sequences out of 10000+200000
 11935 words of font info for 44 fonts, out of 1200000 for 2000
 645 hyphenation exceptions out of 8191
 27i,11n,26p,237b,177s stack positions out of 5000i,500n,6000p,200000b,15000s
</usr/share/texmf/fonts/type1/bluesky/cm/cmbx10.pfb><
/usr/share/texmf/fonts/type1/bluesky/cm/cmbx12.pfb></usr/share/texmf/fonts/type
1/bluesky/cm/cmmi10.pfb></usr/share/texmf/fonts/type1/bluesky/cm/cmmi8.pfb></us
r/share/texmf/fonts/type1/bluesky/cm/cmr10.pfb></usr/share/texmf/fonts/type1/bl
uesky/cm/cmr8.pfb></usr/share/texmf/fonts/type1/bluesky/cm/cmss10.pfb></usr/sha
re/texmf/fonts/type1/bluesky/cm/cmss8.pfb></usr/share/texmf/fonts/type1/bluesky
/cm/cmsy10.pfb></usr/share/texmf/fonts/type1/bluesky/cm/cmsy6.pfb></usr/share/t
exmf/fonts/type1/bluesky/cm/cmsy8.pfb></usr/share/texmf/fonts/type1/bluesky/cm/
cmti10.pfb></usr/share/texmf/fonts/type1/bluesky/cm/cmtt10.pfb>
Output written on hw5g.pdf (4 pages, 72291 bytes).
PDF statistics:
 67 PDF objects out of 1000 (max. 8388607)
 0 named destinations out of 1000 (max. 131072)
 1 words of extra memory for PDF output out of 10000 (max. 10000000)

