This is pdfTeX, Version 3.14159-14h-released-20010417 (Web2C 7.3.3.1) (format=pdflatex 2006.5.13)  26 SEP 2006 15:14
**hw8
(./hw8.tex{/usr/share/texmf/pdftex/config/pdftex.cfg}
LaTeX2e <2001/06/01>
Babel <v3.7h> and hyphenation patterns for american, french, german, ngerman, i
talian, nohyphenation, loaded.
(/usr/share/texmf/tex/latex/base/article.cls
Document Class: article 2001/04/21 v1.4e Standard LaTeX document class
(/usr/share/texmf/tex/latex/base/size11.clo
File: size11.clo 2001/04/21 v1.4e Standard LaTeX file (size option)
)
\c@part=\count79
\c@section=\count80
\c@subsection=\count81
\c@subsubsection=\count82
\c@paragraph=\count83
\c@subparagraph=\count84
\c@figure=\count85
\c@table=\count86
\abovecaptionskip=\skip41
\belowcaptionskip=\skip42
\bibindent=\dimen102
)
\@input{header.aux}
\openout2 = `header.aux'.

(./header.tex (/usr/share/texmf/tex/latex/amsfonts/amssymb.sty
Package: amssymb 2002/01/22 v2.2d

(/usr/share/texmf/tex/latex/amsfonts/amsfonts.sty
Package: amsfonts 2001/10/25 v2.2f
\@emptytoks=\toks14
\symAMSa=\mathgroup4
\symAMSb=\mathgroup5
LaTeX Font Info:    Overwriting math alphabet `\mathfrak' in version `bold'
(Font)                  U/euf/m/n --> U/euf/b/n on input line 132.
)) (./remark.sty)
(/usr/share/texmf/tex/latex/html/html.sty
(/usr/share/texmf/tex/latex/hyperref/hyperref.sty
Package: hyperref 2002/08/04 v6.72v Hypertext links for LaTeX

(/usr/share/texmf/tex/latex/graphics/keyval.sty
Package: keyval 1999/03/16 v1.13 key=value parser (DPC)
\KV@toks@=\toks15
)
\@linkdim=\dimen103
\Hy@linkcounter=\count87
\Hy@pagecounter=\count88

(/usr/share/texmf/tex/latex/hyperref/pd1enc.def
File: pd1enc.def 2002/08/04 v6.72v Hyperref: PDFDocEncoding definition (HO)
)
Package hyperref Info: Bookmarks ON on input line 1797.
Package hyperref Info: Hyper figures OFF on input line 1816.
Package hyperref Info: Link nesting OFF on input line 1821.
Package hyperref Info: Hyper index ON on input line 1824.
Package hyperref Info: Plain pages ON on input line 1829.
Package hyperref Info: Backreferencing OFF on input line 1836.

Implicit mode ON; LaTeX internals redefined
(/usr/share/texmf/tex/latex/html/url.sty
Package: url 1999/03/02  ver 1.4  Verb mode for urls, email addresses, and file
 names
)
LaTeX Info: Redefining \url on input line 2048.
\Fld@menulength=\count89
\Field@Width=\dimen104
\Fld@charsize=\dimen105
\Choice@toks=\toks16
\Field@toks=\toks17
Package hyperref Info: Hyper figures OFF on input line 2506.
Package hyperref Info: Link nesting OFF on input line 2511.
Package hyperref Info: Hyper index ON on input line 2514.
Package hyperref Info: backreferencing OFF on input line 2521.
Package hyperref Info: Link coloring OFF on input line 2526.
\c@Item=\count90
\c@Hfootnote=\count91
)
*hyperref using default driver hpdftex*
(/usr/share/texmf/tex/latex/hyperref/hpdftex.def
File: hpdftex.def 2002/08/04 v6.72v Hyperref driver for pdfTeX

(/usr/share/texmf/tex/latex/psnfss/pifont.sty
Package: pifont 2001/06/04 PSNFSS-v8.2 Pi font support (SPQR) 
LaTeX Font Info:    Try loading font information for U+pzd on input line 62.

(/usr/share/texmf/tex/latex/psnfss/upzd.fd
File: upzd.fd 2001/06/04 font definitions for U/pzd.
)
LaTeX Font Info:    Try loading font information for U+psy on input line 63.

(/usr/share/texmf/tex/latex/psnfss/upsy.fd
File: upsy.fd 2001/06/04 font definitions for U/psy.
))
\Fld@listcount=\count92
\@outlinefile=\write3
)
Package: html 1999/07/19 v1.38 hypertext commands for latex2html (nd, hws, rrm)

\c@lpart=\count93
\c@lchapter=\count94
\c@chapter=\count95
\c@lsection=\count96
\c@lsubsection=\count97
\c@lsubsubsection=\count98
\c@lparagraph=\count99
\c@lsubparagraph=\count100
\c@lsubsubparagraph=\count101
\ptrfile=\write4
)
(/home/faculty/jlc/papers/tex-stuff/bussproofs.sty
Proof Tree (bussproofs) style macros. Version 0.6c.
\theLevel=\count102
\myMaxLevel=\count103
\myBoxA=\box26
\myBoxB=\box27
\myBoxC=\box28
\myBoxD=\box29
\myBoxLL=\box30
\myBoxRL=\box31
\thisAboveSkip=\dimen106
\thisBelowSkip=\dimen107
\newScoreStart=\dimen108
\newScoreEnd=\dimen109
\newCenter=\dimen110
\displace=\dimen111
\leftLowerAmt=\dimen112
\rightLowerAmt=\dimen113
\scoreHeight=\dimen114
\scoreDepth=\dimen115
)
\c@theorem=\count104
\c@conjecture=\count105
\c@corollary=\count106
\c@example=\count107
\c@fact=\count108
\c@lemma=\count109
\c@definition=\count110
\c@claim=\count111
\c@remark=\count112
\c@slogan=\count113
\c@axiom=\count114
\c@note=\count115
\c@problem=\count116
\c@exercise=\count117
) (./hw8.aux)
\openout1 = `hw8.aux'.

LaTeX Font Info:    Checking defaults for OML/cmm/m/it on input line 5.
LaTeX Font Info:    ... okay on input line 5.
LaTeX Font Info:    Checking defaults for T1/cmr/m/n on input line 5.
LaTeX Font Info:    ... okay on input line 5.
LaTeX Font Info:    Checking defaults for OT1/cmr/m/n on input line 5.
LaTeX Font Info:    ... okay on input line 5.
LaTeX Font Info:    Checking defaults for OMS/cmsy/m/n on input line 5.
LaTeX Font Info:    ... okay on input line 5.
LaTeX Font Info:    Checking defaults for OMX/cmex/m/n on input line 5.
LaTeX Font Info:    ... okay on input line 5.
LaTeX Font Info:    Checking defaults for U/cmr/m/n on input line 5.
LaTeX Font Info:    ... okay on input line 5.
LaTeX Font Info:    Checking defaults for PD1/pdf/m/n on input line 5.
LaTeX Font Info:    ... okay on input line 5.
Package hyperref Info: Link coloring OFF on input line 5.
 (/usr/share/texmf/tex/latex/hyperref/nameref.sty
Package: nameref 2001/01/27 v2.19 Cross-referencing by name of section
\c@section@level=\count118
)
LaTeX Info: Redefining \ref on input line 5.
LaTeX Info: Redefining \pageref on input line 5.
 (./hw8.out)
(./hw8.out)
\openout3 = `hw8.out'.


Underfull \hbox (badness 10000) in paragraph at lines 6--7

 []

LaTeX Font Info:    Try loading font information for U+msa on input line 11.
(/usr/share/texmf/tex/latex/amsfonts/umsa.fd
File: umsa.fd 2002/01/19 v2.2g AMS font definitions
)
LaTeX Font Info:    Try loading font information for U+msb on input line 11.

(/usr/share/texmf/tex/latex/amsfonts/umsb.fd
File: umsb.fd 2002/01/19 v2.2g AMS font definitions
)
Overfull \hbox (4.78969pt too wide) in paragraph at lines 11--18
/cmr10@10.95pt/which de-note (name-less) func-tions of one ar-gu-ment. Ex-pres-
sions of this form are called $/cmmi10@10.95pt/^^U$/cmti10@10.95pt/-abstraction
s
 []


Underfull \hbox (badness 10000) in paragraph at lines 26--27

 []

[1



{/usr/share/texmf/dvips/config/pdftex.map}]
Underfull \hbox (badness 10000) in paragraph at lines 88--89

 []

[2] [3] (./hw8.aux)

LaTeX Warning: Label(s) may have changed. Rerun to get cross-references right.

 ) 
Here is how much of TeX's memory you used:
 2774 strings out of 50453
 34785 string characters out of 690528
 84975 words of memory out of 1500001
 5753 multiletter control sequences out of 10000+25000
 13284 words of font info for 52 fonts, out of 400000 for 1000
 14 hyphenation exceptions out of 10000
 38i,8n,36p,236b,355s stack positions out of 3000i,500n,3000p,50000b,5000s
</usr/share/texmf/fonts/type1/bluesky/cm/cmmi9.pfb></usr/share/texmf/fonts/ty
pe1/bluesky/cm/cmr9.pfb></usr/share/texmf/fonts/type1/bluesky/cm/cmr6.pfb></usr
/share/texmf/fonts/type1/bluesky/symbols/msam10.pfb></usr/share/texmf/fonts/typ
e1/bluesky/cm/cmtt10.pfb></usr/share/texmf/fonts/type1/bluesky/cm/cmr8.pfb></us
r/share/texmf/fonts/type1/bluesky/cm/cmti10.pfb></usr/share/texmf/fonts/type1/b
luesky/cm/cmmi10.pfb></usr/share/texmf/fonts/type1/bluesky/cm/cmsy10.pfb></usr/
share/texmf/fonts/type1/bluesky/cm/cmbx12.pfb></usr/share/texmf/fonts/type1/blu
esky/cm/cmr10.pfb></usr/share/texmf/fonts/type1/bluesky/cm/cmbx10.pfb>
Output written on hw8.pdf (3 pages, 76968 bytes).
